# JRE version: OpenJDK Runtime Environment (21.0.10) (build 21.0.10+-14961533-b1163.108)
# Java VM: OpenJDK 64-Bit Server VM (21.0.10+-14961533-b1163.108, mixed mode, tiered, compressed oops, compressed class ptrs, g1 gc, windows-amd64)
GC Precious Log:
 CardTable entry size: 512
 Card Set container configuration: InlinePtr #cards 5 size 8 Array Of Cards #cards 12 size 40 Howl #buckets 4 coarsen threshold 1843 Howl Bitmap #cards 512 size 80 coarsen threshold 460 Card regions per heap region 1 cards per card region 2048
 CPUs: 12 total, 12 available
 Memory: 15741M
 Large Page Support: Disabled
 NUMA Support: Disabled
 Compressed Oops: Enabled (32-bit)
 Heap Region Size: 1M
 Heap Min Capacity: 8M
 Heap Initial Capacity: 246M
 Heap Max Capacity: 2G
 Pre-touch: Disabled
 Parallel Workers: 10
 Concurrent Workers: 3
 Concurrent Refinement Workers: 10
 Periodic GC: Disabled
Heap:
 garbage-first heap   total 332800K, used 256512K [0x0000000080000000, 0x0000000100000000)
  region size 1024K, 4 young (4096K), 4 survivors (4096K)
 Metaspace       used 142520K, committed 144960K, reserved 1179648K
  class space    used 19834K, committed 20992K, reserved 1048576K
GC Heap History (20 events):
Event: 44.334 GC heap after
{Heap after GC invocations=86 (full 0):
 garbage-first heap   total 270336K, used 156066K [0x0000000080000000, 0x0000000100000000)
  region size 1024K, 7 young (7168K), 7 survivors (7168K)
 Metaspace       used 137757K, committed 140224K, reserved 1179648K
  class space    used 19217K, committed 20416K, reserved 1048576K
}
Event: 45.010 GC heap before
{Heap before GC invocations=87 (full 0):
 garbage-first heap   total 270336K, used 255394K [0x0000000080000000, 0x0000000100000000)
  region size 1024K, 104 young (106496K), 7 survivors (7168K)
 Metaspace       used 137761K, committed 140224K, reserved 1179648K
  class space    used 19217K, committed 20416K, reserved 1048576K
}
Event: 45.014 GC heap after
{Heap after GC invocations=88 (full 0):
 garbage-first heap   total 270336K, used 156294K [0x0000000080000000, 0x0000000100000000)
  region size 1024K, 7 young (7168K), 7 survivors (7168K)
 Metaspace       used 137761K, committed 140224K, reserved 1179648K
  class space    used 19217K, committed 20416K, reserved 1048576K
}
Event: 45.641 GC heap before
{Heap before GC invocations=88 (full 0):
 garbage-first heap   total 270336K, used 254598K [0x0000000080000000, 0x0000000100000000)
  region size 1024K, 103 young (105472K), 7 survivors (7168K)
 Metaspace       used 137764K, committed 140224K, reserved 1179648K
  class space    used 19217K, committed 20416K, reserved 1048576K
}
Event: 45.645 GC heap after
{Heap after GC invocations=89 (full 0):
 garbage-first heap   total 270336K, used 153769K [0x0000000080000000, 0x0000000100000000)
  region size 1024K, 7 young (7168K), 7 survivors (7168K)
 Metaspace       used 137764K, committed 140224K, reserved 1179648K
  class space    used 19217K, committed 20416K, reserved 1048576K
}
Event: 46.989 GC heap before
{Heap before GC invocations=89 (full 0):
 garbage-first heap   total 270336K, used 254121K [0x0000000080000000, 0x0000000100000000)
  region size 1024K, 106 young (108544K), 7 survivors (7168K)
 Metaspace       used 140150K, committed 142528K, reserved 1179648K
  class space    used 19563K, committed 20736K, reserved 1048576K
}
Event: 46.999 GC heap after
{Heap after GC invocations=90 (full 0):
 garbage-first heap   total 272384K, used 163154K [0x0000000080000000, 0x0000000100000000)
  region size 1024K, 14 young (14336K), 14 survivors (14336K)
 Metaspace       used 140150K, committed 142528K, reserved 1179648K
  class space    used 19563K, committed 20736K, reserved 1048576K
}
Event: 47.625 GC heap before
{Heap before GC invocations=91 (full 0):
 garbage-first heap   total 280576K, used 278866K [0x0000000080000000, 0x0000000100000000)
  region size 1024K, 102 young (104448K), 14 survivors (14336K)
 Metaspace       used 141540K, committed 143936K, reserved 1179648K
  class space    used 19748K, committed 20928K, reserved 1048576K
}
Event: 47.631 GC heap after
{Heap after GC invocations=92 (full 0):
 garbage-first heap   total 292864K, used 179278K [0x0000000080000000, 0x0000000100000000)
  region size 1024K, 8 young (8192K), 8 survivors (8192K)
 Metaspace       used 141540K, committed 143936K, reserved 1179648K
  class space    used 19748K, committed 20928K, reserved 1048576K
}
Event: 47.727 GC heap before
{Heap before GC invocations=92 (full 0):
 garbage-first heap   total 292864K, used 290894K [0x0000000080000000, 0x0000000100000000)
  region size 1024K, 90 young (92160K), 8 survivors (8192K)
 Metaspace       used 141702K, committed 144128K, reserved 1179648K
  class space    used 19755K, committed 20928K, reserved 1048576K
}
Event: 47.732 GC heap after
{Heap after GC invocations=93 (full 0):
 garbage-first heap   total 305152K, used 187562K [0x0000000080000000, 0x0000000100000000)
  region size 1024K, 10 young (10240K), 10 survivors (10240K)
 Metaspace       used 141702K, committed 144128K, reserved 1179648K
  class space    used 19755K, committed 20928K, reserved 1048576K
}
Event: 47.871 GC heap before
{Heap before GC invocations=93 (full 0):
 garbage-first heap   total 305152K, used 286890K [0x0000000080000000, 0x0000000100000000)
  region size 1024K, 108 young (110592K), 10 survivors (10240K)
 Metaspace       used 141826K, committed 144256K, reserved 1179648K
  class space    used 19764K, committed 20928K, reserved 1048576K
}
Event: 47.876 GC heap after
{Heap after GC invocations=94 (full 0):
 garbage-first heap   total 305152K, used 191606K [0x0000000080000000, 0x0000000100000000)
  region size 1024K, 10 young (10240K), 10 survivors (10240K)
 Metaspace       used 141826K, committed 144256K, reserved 1179648K
  class space    used 19764K, committed 20928K, reserved 1048576K
}
Event: 48.269 GC heap before
{Heap before GC invocations=95 (full 0):
 garbage-first heap   total 309248K, used 282742K [0x0000000080000000, 0x0000000100000000)
  region size 1024K, 103 young (105472K), 10 survivors (10240K)
 Metaspace       used 142092K, committed 144512K, reserved 1179648K
  class space    used 19790K, committed 20992K, reserved 1048576K
}
Event: 48.280 GC heap after
{Heap after GC invocations=96 (full 0):
 garbage-first heap   total 309248K, used 198733K [0x0000000080000000, 0x0000000100000000)
  region size 1024K, 13 young (13312K), 13 survivors (13312K)
 Metaspace       used 142092K, committed 144512K, reserved 1179648K
  class space    used 19790K, committed 20992K, reserved 1048576K
}
Event: 48.504 GC heap before
{Heap before GC invocations=96 (full 0):
 garbage-first heap   total 309248K, used 285773K [0x0000000080000000, 0x0000000100000000)
  region size 1024K, 98 young (100352K), 13 survivors (13312K)
 Metaspace       used 142516K, committed 144960K, reserved 1179648K
  class space    used 19834K, committed 20992K, reserved 1048576K
}
Event: 48.527 GC heap after
{Heap after GC invocations=97 (full 0):
 garbage-first heap   total 327680K, used 216408K [0x0000000080000000, 0x0000000100000000)
  region size 1024K, 13 young (13312K), 13 survivors (13312K)
 Metaspace       used 142516K, committed 144960K, reserved 1179648K
  class space    used 19834K, committed 20992K, reserved 1048576K
}
Event: 48.615 GC heap before
{Heap before GC invocations=97 (full 0):
 garbage-first heap   total 327680K, used 289112K [0x0000000080000000, 0x0000000100000000)
  region size 1024K, 84 young (86016K), 13 survivors (13312K)
 Metaspace       used 142519K, committed 144960K, reserved 1179648K
  class space    used 19834K, committed 20992K, reserved 1048576K
}
Event: 49.642 GC heap after
{Heap after GC invocations=98 (full 0):
 garbage-first heap   total 332800K, used 246148K [0x0000000080000000, 0x0000000100000000)
  region size 1024K, 11 young (11264K), 11 survivors (11264K)
 Metaspace       used 142519K, committed 144960K, reserved 1179648K
  class space    used 19834K, committed 20992K, reserved 1048576K
}
Event: 49.675 GC heap before
{Heap before GC invocations=98 (full 0):
 garbage-first heap   total 332800K, used 266628K [0x0000000080000000, 0x0000000100000000)
  region size 1024K, 31 young (31744K), 11 survivors (11264K)
 Metaspace       used 142520K, committed 144960K, reserved 1179648K
  class space    used 19834K, committed 20992K, reserved 1048576K
}

