# JRE version: OpenJDK Runtime Environment (21.0.10) (build 21.0.10+-14961533-b1163.108)
# Java VM: OpenJDK 64-Bit Server VM (21.0.10+-14961533-b1163.108, mixed mode, tiered, compressed oops, compressed class ptrs, g1 gc, windows-amd64)
GC Precious Log:
 CardTable entry size: 512
 Card Set container configuration: InlinePtr #cards 5 size 8 Array Of Cards #cards 12 size 40 Howl #buckets 4 coarsen threshold 1843 Howl Bitmap #cards 512 size 80 coarsen threshold 460 Card regions per heap region 1 cards per card region 2048
 CPUs: 12 total, 12 available
 Memory: 15741M
 Large Page Support: Disabled
 NUMA Support: Disabled
 Compressed Oops: Enabled (32-bit)
 Heap Region Size: 1M
 Heap Min Capacity: 8M
 Heap Initial Capacity: 246M
 Heap Max Capacity: 2G
 Pre-touch: Disabled
 Parallel Workers: 10
 Concurrent Workers: 3
 Concurrent Refinement Workers: 10
 Periodic GC: Disabled
Heap:
 garbage-first heap   total 321536K, used 195156K [0x0000000080000000, 0x0000000100000000)
  region size 1024K, 15 young (15360K), 15 survivors (15360K)
 Metaspace       used 156618K, committed 159296K, reserved 1245184K
  class space    used 21170K, committed 22464K, reserved 1048576K
GC Heap History (20 events):
Event: 118.043 GC heap after
{Heap after GC invocations=53 (full 0):
 garbage-first heap   total 266240K, used 160012K [0x0000000080000000, 0x0000000100000000)
  region size 1024K, 6 young (6144K), 6 survivors (6144K)
 Metaspace       used 135388K, committed 137920K, reserved 1179648K
  class space    used 18436K, committed 19648K, reserved 1048576K
}
Event: 118.696 GC heap before
{Heap before GC invocations=53 (full 0):
 garbage-first heap   total 266240K, used 249100K [0x0000000080000000, 0x0000000100000000)
  region size 1024K, 93 young (95232K), 6 survivors (6144K)
 Metaspace       used 138412K, committed 140992K, reserved 1179648K
  class space    used 18798K, committed 20032K, reserved 1048576K
}
Event: 118.703 GC heap after
{Heap after GC invocations=54 (full 0):
 garbage-first heap   total 266240K, used 164472K [0x0000000080000000, 0x0000000100000000)
  region size 1024K, 12 young (12288K), 12 survivors (12288K)
 Metaspace       used 138412K, committed 140992K, reserved 1179648K
  class space    used 18798K, committed 20032K, reserved 1048576K
}
Event: 147.953 GC heap before
{Heap before GC invocations=54 (full 0):
 garbage-first heap   total 266240K, used 247416K [0x0000000080000000, 0x0000000100000000)
  region size 1024K, 94 young (96256K), 12 survivors (12288K)
 Metaspace       used 141485K, committed 144064K, reserved 1179648K
  class space    used 19163K, committed 20416K, reserved 1048576K
}
Event: 147.959 GC heap after
{Heap after GC invocations=55 (full 0):
 garbage-first heap   total 266240K, used 168208K [0x0000000080000000, 0x0000000100000000)
  region size 1024K, 4 young (4096K), 4 survivors (4096K)
 Metaspace       used 141485K, committed 144064K, reserved 1179648K
  class space    used 19163K, committed 20416K, reserved 1048576K
}
Event: 148.547 GC heap before
{Heap before GC invocations=56 (full 0):
 garbage-first heap   total 281600K, used 249104K [0x0000000080000000, 0x0000000100000000)
  region size 1024K, 84 young (86016K), 4 survivors (4096K)
 Metaspace       used 142593K, committed 145216K, reserved 1179648K
  class space    used 19293K, committed 20544K, reserved 1048576K
}
Event: 148.552 GC heap after
{Heap after GC invocations=57 (full 0):
 garbage-first heap   total 281600K, used 174279K [0x0000000080000000, 0x0000000100000000)
  region size 1024K, 10 young (10240K), 10 survivors (10240K)
 Metaspace       used 142593K, committed 145216K, reserved 1179648K
  class space    used 19293K, committed 20544K, reserved 1048576K
}
Event: 149.412 GC heap before
{Heap before GC invocations=57 (full 0):
 garbage-first heap   total 281600K, used 261319K [0x0000000080000000, 0x0000000100000000)
  region size 1024K, 96 young (98304K), 10 survivors (10240K)
 Metaspace       used 145772K, committed 148480K, reserved 1179648K
  class space    used 19758K, committed 21056K, reserved 1048576K
}
Event: 149.423 GC heap after
{Heap after GC invocations=58 (full 0):
 garbage-first heap   total 289792K, used 184463K [0x0000000080000000, 0x0000000100000000)
  region size 1024K, 12 young (12288K), 12 survivors (12288K)
 Metaspace       used 145772K, committed 148480K, reserved 1179648K
  class space    used 19758K, committed 21056K, reserved 1048576K
}
Event: 149.546 GC heap before
{Heap before GC invocations=58 (full 0):
 garbage-first heap   total 289792K, used 265359K [0x0000000080000000, 0x0000000100000000)
  region size 1024K, 92 young (94208K), 12 survivors (12288K)
 Metaspace       used 146161K, committed 148864K, reserved 1179648K
  class space    used 19814K, committed 21120K, reserved 1048576K
}
Event: 149.552 GC heap after
{Heap after GC invocations=59 (full 0):
 garbage-first heap   total 289792K, used 186789K [0x0000000080000000, 0x0000000100000000)
  region size 1024K, 3 young (3072K), 3 survivors (3072K)
 Metaspace       used 146161K, committed 148864K, reserved 1179648K
  class space    used 19814K, committed 21120K, reserved 1048576K
}
Event: 149.694 GC heap before
{Heap before GC invocations=60 (full 0):
 garbage-first heap   total 312320K, used 268709K [0x0000000080000000, 0x0000000100000000)
  region size 1024K, 84 young (86016K), 3 survivors (3072K)
 Metaspace       used 146932K, committed 149568K, reserved 1179648K
  class space    used 19915K, committed 21184K, reserved 1048576K
}
Event: 149.697 GC heap after
{Heap after GC invocations=61 (full 0):
 garbage-first heap   total 312320K, used 187092K [0x0000000080000000, 0x0000000100000000)
  region size 1024K, 3 young (3072K), 3 survivors (3072K)
 Metaspace       used 146932K, committed 149568K, reserved 1179648K
  class space    used 19915K, committed 21184K, reserved 1048576K
}
Event: 149.773 GC heap before
{Heap before GC invocations=61 (full 0):
 garbage-first heap   total 312320K, used 290516K [0x0000000080000000, 0x0000000100000000)
  region size 1024K, 104 young (106496K), 3 survivors (3072K)
 Metaspace       used 147003K, committed 149632K, reserved 1179648K
  class space    used 19920K, committed 21184K, reserved 1048576K
}
Event: 149.776 GC heap after
{Heap after GC invocations=62 (full 0):
 garbage-first heap   total 312320K, used 181469K [0x0000000080000000, 0x0000000100000000)
  region size 1024K, 3 young (3072K), 3 survivors (3072K)
 Metaspace       used 147003K, committed 149632K, reserved 1179648K
  class space    used 19920K, committed 21184K, reserved 1048576K
}
Event: 149.887 GC heap before
{Heap before GC invocations=62 (full 0):
 garbage-first heap   total 312320K, used 291037K [0x0000000080000000, 0x0000000100000000)
  region size 1024K, 111 young (113664K), 3 survivors (3072K)
 Metaspace       used 147228K, committed 149824K, reserved 1179648K
  class space    used 19951K, committed 21184K, reserved 1048576K
}
Event: 149.891 GC heap after
{Heap after GC invocations=63 (full 0):
 garbage-first heap   total 312320K, used 183360K [0x0000000080000000, 0x0000000100000000)
  region size 1024K, 5 young (5120K), 5 survivors (5120K)
 Metaspace       used 147228K, committed 149824K, reserved 1179648K
  class space    used 19951K, committed 21184K, reserved 1048576K
}
Event: 150.133 GC heap before
{Heap before GC invocations=64 (full 0):
 garbage-first heap   total 312320K, used 293952K [0x0000000080000000, 0x0000000100000000)
  region size 1024K, 114 young (116736K), 5 survivors (5120K)
 Metaspace       used 147738K, committed 150464K, reserved 1179648K
  class space    used 20018K, committed 21312K, reserved 1048576K
}
Event: 150.137 GC heap after
{Heap after GC invocations=65 (full 0):
 garbage-first heap   total 312320K, used 183690K [0x0000000080000000, 0x0000000100000000)
  region size 1024K, 6 young (6144K), 6 survivors (6144K)
 Metaspace       used 147738K, committed 150464K, reserved 1179648K
  class space    used 20018K, committed 21312K, reserved 1048576K
}
Event: 151.232 GC heap before
{Heap before GC invocations=65 (full 0):
 garbage-first heap   total 312320K, used 299402K [0x0000000080000000, 0x0000000100000000)
  region size 1024K, 114 young (116736K), 6 survivors (6144K)
 Metaspace       used 156618K, committed 159296K, reserved 1245184K
  class space    used 21170K, committed 22464K, reserved 1048576K
}

