# JRE version: OpenJDK Runtime Environment (21.0.10) (build 21.0.10+-14961533-b1163.108)
# Java VM: OpenJDK 64-Bit Server VM (21.0.10+-14961533-b1163.108, mixed mode, tiered, compressed oops, compressed class ptrs, g1 gc, windows-amd64)
GC Precious Log:
 CardTable entry size: 512
 Card Set container configuration: InlinePtr #cards 5 size 8 Array Of Cards #cards 12 size 40 Howl #buckets 4 coarsen threshold 1843 Howl Bitmap #cards 512 size 80 coarsen threshold 460 Card regions per heap region 1 cards per card region 2048
 CPUs: 12 total, 12 available
 Memory: 15741M
 Large Page Support: Disabled
 NUMA Support: Disabled
 Compressed Oops: Enabled (32-bit)
 Heap Region Size: 1M
 Heap Min Capacity: 8M
 Heap Initial Capacity: 246M
 Heap Max Capacity: 2G
 Pre-touch: Disabled
 Parallel Workers: 10
 Concurrent Workers: 3
 Concurrent Refinement Workers: 10
 Periodic GC: Disabled
Heap:
 garbage-first heap   total 274432K, used 146303K [0x0000000080000000, 0x0000000100000000)
  region size 1024K, 14 young (14336K), 14 survivors (14336K)
 Metaspace       used 131537K, committed 133952K, reserved 1179648K
  class space    used 18274K, committed 19456K, reserved 1048576K
GC Heap History (20 events):
Event: 16.179 GC heap after
{Heap after GC invocations=48 (full 0):
 garbage-first heap   total 236544K, used 117926K [0x0000000080000000, 0x0000000100000000)
  region size 1024K, 4 young (4096K), 4 survivors (4096K)
 Metaspace       used 116935K, committed 119168K, reserved 1179648K
  class space    used 16385K, committed 17472K, reserved 1048576K
}
Event: 16.584 GC heap before
{Heap before GC invocations=48 (full 0):
 garbage-first heap   total 236544K, used 219302K [0x0000000080000000, 0x0000000100000000)
  region size 1024K, 101 young (103424K), 4 survivors (4096K)
 Metaspace       used 117199K, committed 119552K, reserved 1179648K
  class space    used 16415K, committed 17536K, reserved 1048576K
}
Event: 16.587 GC heap after
{Heap after GC invocations=49 (full 0):
 garbage-first heap   total 236544K, used 120767K [0x0000000080000000, 0x0000000100000000)
  region size 1024K, 5 young (5120K), 5 survivors (5120K)
 Metaspace       used 117199K, committed 119552K, reserved 1179648K
  class space    used 16415K, committed 17536K, reserved 1048576K
}
Event: 16.809 GC heap before
{Heap before GC invocations=49 (full 0):
 garbage-first heap   total 236544K, used 220095K [0x0000000080000000, 0x0000000100000000)
  region size 1024K, 102 young (104448K), 5 survivors (5120K)
 Metaspace       used 117201K, committed 119552K, reserved 1179648K
  class space    used 16415K, committed 17536K, reserved 1048576K
}
Event: 16.812 GC heap after
{Heap after GC invocations=50 (full 0):
 garbage-first heap   total 236544K, used 121236K [0x0000000080000000, 0x0000000100000000)
  region size 1024K, 6 young (6144K), 6 survivors (6144K)
 Metaspace       used 117201K, committed 119552K, reserved 1179648K
  class space    used 16415K, committed 17536K, reserved 1048576K
}
Event: 20.199 GC heap before
{Heap before GC invocations=51 (full 0):
 garbage-first heap   total 236544K, used 226708K [0x0000000080000000, 0x0000000100000000)
  region size 1024K, 104 young (106496K), 6 survivors (6144K)
 Metaspace       used 126367K, committed 128768K, reserved 1179648K
  class space    used 17640K, committed 18816K, reserved 1048576K
}
Event: 20.206 GC heap after
{Heap after GC invocations=52 (full 0):
 garbage-first heap   total 242688K, used 130654K [0x0000000080000000, 0x0000000100000000)
  region size 1024K, 13 young (13312K), 13 survivors (13312K)
 Metaspace       used 126367K, committed 128768K, reserved 1179648K
  class space    used 17640K, committed 18816K, reserved 1048576K
}
Event: 21.030 GC heap before
{Heap before GC invocations=52 (full 0):
 garbage-first heap   total 242688K, used 223838K [0x0000000080000000, 0x0000000100000000)
  region size 1024K, 105 young (107520K), 13 survivors (13312K)
 Metaspace       used 129338K, committed 131712K, reserved 1179648K
  class space    used 17989K, committed 19136K, reserved 1048576K
}
Event: 21.036 GC heap after
{Heap after GC invocations=53 (full 0):
 garbage-first heap   total 242688K, used 123217K [0x0000000080000000, 0x0000000100000000)
  region size 1024K, 2 young (2048K), 2 survivors (2048K)
 Metaspace       used 129338K, committed 131712K, reserved 1179648K
  class space    used 17989K, committed 19136K, reserved 1048576K
}
Event: 21.507 GC heap before
{Heap before GC invocations=53 (full 0):
 garbage-first heap   total 242688K, used 224593K [0x0000000080000000, 0x0000000100000000)
  region size 1024K, 102 young (104448K), 2 survivors (2048K)
 Metaspace       used 129666K, committed 132096K, reserved 1179648K
  class space    used 18033K, committed 19200K, reserved 1048576K
}
Event: 21.511 GC heap after
{Heap after GC invocations=54 (full 0):
 garbage-first heap   total 242688K, used 124132K [0x0000000080000000, 0x0000000100000000)
  region size 1024K, 3 young (3072K), 3 survivors (3072K)
 Metaspace       used 129666K, committed 132096K, reserved 1179648K
  class space    used 18033K, committed 19200K, reserved 1048576K
}
Event: 21.671 GC heap before
{Heap before GC invocations=55 (full 0):
 garbage-first heap   total 242688K, used 227556K [0x0000000080000000, 0x0000000100000000)
  region size 1024K, 105 young (107520K), 3 survivors (3072K)
 Metaspace       used 129930K, committed 132288K, reserved 1179648K
  class space    used 18074K, committed 19200K, reserved 1048576K
}
Event: 21.675 GC heap after
{Heap after GC invocations=56 (full 0):
 garbage-first heap   total 242688K, used 124901K [0x0000000080000000, 0x0000000100000000)
  region size 1024K, 4 young (4096K), 4 survivors (4096K)
 Metaspace       used 129930K, committed 132288K, reserved 1179648K
  class space    used 18074K, committed 19200K, reserved 1048576K
}
Event: 21.877 GC heap before
{Heap before GC invocations=56 (full 0):
 garbage-first heap   total 242688K, used 227301K [0x0000000080000000, 0x0000000100000000)
  region size 1024K, 105 young (107520K), 4 survivors (4096K)
 Metaspace       used 130381K, committed 132736K, reserved 1179648K
  class space    used 18139K, committed 19264K, reserved 1048576K
}
Event: 21.881 GC heap after
{Heap after GC invocations=57 (full 0):
 garbage-first heap   total 242688K, used 125508K [0x0000000080000000, 0x0000000100000000)
  region size 1024K, 5 young (5120K), 5 survivors (5120K)
 Metaspace       used 130381K, committed 132736K, reserved 1179648K
  class space    used 18139K, committed 19264K, reserved 1048576K
}
Event: 21.965 GC heap before
{Heap before GC invocations=57 (full 0):
 garbage-first heap   total 242688K, used 227908K [0x0000000080000000, 0x0000000100000000)
  region size 1024K, 106 young (108544K), 5 survivors (5120K)
 Metaspace       used 130498K, committed 132800K, reserved 1179648K
  class space    used 18151K, committed 19264K, reserved 1048576K
}
Event: 21.969 GC heap after
{Heap after GC invocations=58 (full 0):
 garbage-first heap   total 242688K, used 126197K [0x0000000080000000, 0x0000000100000000)
  region size 1024K, 6 young (6144K), 6 survivors (6144K)
 Metaspace       used 130498K, committed 132800K, reserved 1179648K
  class space    used 18151K, committed 19264K, reserved 1048576K
}
Event: 22.225 GC heap before
{Heap before GC invocations=59 (full 0):
 garbage-first heap   total 242688K, used 225525K [0x0000000080000000, 0x0000000100000000)
  region size 1024K, 106 young (108544K), 6 survivors (6144K)
 Metaspace       used 130860K, committed 133248K, reserved 1179648K
  class space    used 18188K, committed 19328K, reserved 1048576K
}
Event: 22.230 GC heap after
{Heap after GC invocations=60 (full 0):
 garbage-first heap   total 242688K, used 126785K [0x0000000080000000, 0x0000000100000000)
  region size 1024K, 9 young (9216K), 9 survivors (9216K)
 Metaspace       used 130860K, committed 133248K, reserved 1179648K
  class space    used 18188K, committed 19328K, reserved 1048576K
}
Event: 22.449 GC heap before
{Heap before GC invocations=60 (full 0):
 garbage-first heap   total 242688K, used 240449K [0x0000000080000000, 0x0000000100000000)
  region size 1024K, 108 young (110592K), 9 survivors (9216K)
 Metaspace       used 131537K, committed 133952K, reserved 1179648K
  class space    used 18274K, committed 19456K, reserved 1048576K
}

